c:\users\azuro\documents\krul\krul\debug\vc142.pdb
c:\users\azuro\documents\krul\krul\debug\vc142.idb
c:\users\azuro\documents\krul\krul\debug\texteol.obj
c:\users\azuro\documents\krul\krul\debug\operations.obj
c:\users\azuro\documents\krul\krul\debug\operationfactory.obj
c:\users\azuro\documents\krul\krul\debug\libcurl.obj
c:\users\azuro\documents\krul\krul\debug\krul.obj
c:\users\azuro\documents\krul\krul\debug\variablereference.obj
c:\users\azuro\documents\krul\krul\debug\variableassignment.obj
c:\users\azuro\documents\krul\krul\debug\labelreference.obj
c:\users\azuro\documents\krul\krul\debug\labeldefinition.obj
c:\users\azuro\documents\krul\krul\debug\insert.obj
c:\users\azuro\documents\krul\krul\debug\duplicate.obj
c:\users\azuro\documents\krul\krul\debug\concatenate.obj
c:\users\azuro\documents\krul\krul\debug\decrement.obj
c:\users\azuro\documents\krul\krul\debug\gotone.obj
c:\users\azuro\documents\krul\krul\debug\vcpkg.applocal.log
c:\users\azuro\documents\krul\krul\debug\libcurl-d.dll
c:\users\azuro\documents\krul\krul\debug\zlibd1.dll
c:\users\azuro\documents\krul\krul\debug\krul.exe
c:\users\azuro\documents\krul\krul\debug\krul.ilk
c:\users\azuro\documents\krul\krul\debug\krul.pdb
c:\users\azuro\documents\krul\krul\debug\krul.tlog\cl.command.1.tlog
c:\users\azuro\documents\krul\krul\debug\krul.tlog\cl.read.1.tlog
c:\users\azuro\documents\krul\krul\debug\krul.tlog\cl.write.1.tlog
c:\users\azuro\documents\krul\krul\debug\krul.tlog\krul.write.1u.tlog
c:\users\azuro\documents\krul\krul\debug\krul.tlog\link.command.1.tlog
c:\users\azuro\documents\krul\krul\debug\krul.tlog\link.read.1.tlog
c:\users\azuro\documents\krul\krul\debug\krul.tlog\link.write.1.tlog
